2020.05.25 18:55:34 INFO  started: Metals version 0.9.0 in workspace 'C:\Users\Aug\Documents\UniStuff\Tercero\2o Cuatrimestre\DP II\Project\PetClinic-DPII'
2020.05.25 18:55:34 INFO  time: initialize in 0.36s
2020.05.25 18:55:36 INFO  no build target: using presentation compiler with only scala-library
2020.05.25 18:55:39 WARN  no build target for: C:\Users\Aug\Documents\UniStuff\Tercero\2o Cuatrimestre\DP II\gatling-charts-highcharts-bundle-3.3.1\user-files\simulations\Historia1.scala
2020.05.25 18:56:41 WARN  no build target for: C:\Users\Aug\Downloads\ModifiedScripts\dp2\TwoScenariosDiagnosisModified.scala
2020.05.25 18:57:27 WARN  code navigation does not work for the file 'C:\Users\Aug\Documents\UniStuff\Tercero\2o Cuatrimestre\DP II\gatling-charts-highcharts-bundle-3.3.1\user-files\simulations\Historia1.scala' because it doesn't belong to a build target.
2020.05.25 18:57:27 WARN  no build target for: C:\Users\Aug\Documents\UniStuff\Tercero\2o Cuatrimestre\DP II\gatling-charts-highcharts-bundle-3.3.1\user-files\simulations\Historia1.scala
2020.05.25 18:57:35 WARN  code navigation does not work for the file 'C:\Users\Aug\Downloads\ModifiedScripts\dp2\TwoScenariosDiagnosisModified.scala' because it doesn't belong to a build target.
2020.05.25 18:58:30 WARN  code navigation does not work for the file 'C:\Users\Aug\Documents\UniStuff\Tercero\2o Cuatrimestre\DP II\gatling-charts-highcharts-bundle-3.3.1\user-files\simulations\Historia1.scala' because it doesn't belong to a build target.
2020.05.25 18:59:03 WARN  code navigation does not work for the file 'C:\Users\Aug\Documents\UniStuff\Tercero\2o Cuatrimestre\DP II\gatling-charts-highcharts-bundle-3.3.1\user-files\simulations\Historia1.scala' because it doesn't belong to a build target.
2020.05.25 18:59:16 WARN  no build target for: C:\Users\Aug\Documents\UniStuff\Tercero\2o Cuatrimestre\DP II\gatling-charts-highcharts-bundle-3.3.1\user-files\simulations\Historia1.scala
2020.05.25 18:59:48 WARN  no build target for: C:\Users\Aug\Documents\UniStuff\Tercero\2o Cuatrimestre\DP II\gatling-charts-highcharts-bundle-3.3.1\user-files\simulations\Historia1.scala
2020.05.25 19:00:20 WARN  code navigation does not work for the file 'C:\Users\Aug\Documents\UniStuff\Tercero\2o Cuatrimestre\DP II\gatling-charts-highcharts-bundle-3.3.1\user-files\simulations\Historia1.scala' because it doesn't belong to a build target.
2020.05.25 19:00:20 WARN  no build target for: C:\Users\Aug\Documents\UniStuff\Tercero\2o Cuatrimestre\DP II\gatling-charts-highcharts-bundle-3.3.1\user-files\simulations\Historia1.scala
2020.05.25 19:00:30 WARN  code navigation does not work for the file 'C:\Users\Aug\Downloads\ModifiedScripts\dp2\TwoScenariosDiagnosisModified.scala' because it doesn't belong to a build target.
2020.05.25 19:01:38 WARN  no build target for: C:\Users\Aug\Documents\UniStuff\Tercero\2o Cuatrimestre\DP II\gatling-charts-highcharts-bundle-3.3.1\user-files\simulations\Historia1.scala
2020.05.25 19:03:45 WARN  no build target for: C:\Users\Aug\Downloads\ModifiedScripts\dp2\TwoScenariosDiagnosisModified.scala
2020.05.25 19:04:26 WARN  code navigation does not work for the file 'C:\Users\Aug\Documents\UniStuff\Tercero\2o Cuatrimestre\DP II\gatling-charts-highcharts-bundle-3.3.1\user-files\simulations\Historia1.scala' because it doesn't belong to a build target.
2020.05.25 19:04:34 WARN  code navigation does not work for the file 'C:\Users\Aug\Documents\UniStuff\Tercero\2o Cuatrimestre\DP II\gatling-charts-highcharts-bundle-3.3.1\user-files\simulations\Historia1.scala' because it doesn't belong to a build target.
2020.05.25 19:19:49 WARN  no build target for: C:\Users\Aug\Documents\UniStuff\Tercero\2o Cuatrimestre\DP II\gatling-charts-highcharts-bundle-3.3.1\user-files\simulations\Historia1.scala
2020.05.25 19:19:52 INFO  shutting down Metals
2020.05.26 08:45:23 INFO  started: Metals version 0.9.0 in workspace 'C:\Users\Aug\Documents\UniStuff\Tercero\2o Cuatrimestre\DP II\Project\PetClinic-DPII'
2020.05.26 08:45:24 INFO  time: initialize in 0.71s
2020.05.26 08:45:26 INFO  skipping build import with status 'Requested'
2020.05.26 08:45:26 INFO  no build target: using presentation compiler with only scala-library
2020.05.26 08:45:29 WARN  no build target for: C:\Users\Aug\Documents\UniStuff\Tercero\2o Cuatrimestre\DP II\gatling-charts-highcharts-bundle-3.3.1\user-files\simulations\Historia1.scala
2020.05.26 08:45:29 WARN  no build target for: C:\Users\Aug\Downloads\ModifiedScripts\dp2\TwoScenariosDiagnosisModified.scala
may 26, 2020 8:45:29 AM org.eclipse.lsp4j.jsonrpc.RemoteEndpoint handleCancellation
ADVERTENCIA: Unmatched cancel notification for request id 5
may 26, 2020 8:45:29 AM org.eclipse.lsp4j.jsonrpc.RemoteEndpoint handleCancellation
ADVERTENCIA: Unmatched cancel notification for request id 8
may 26, 2020 8:45:29 AM org.eclipse.lsp4j.jsonrpc.RemoteEndpoint handleCancellation
ADVERTENCIA: Unmatched cancel notification for request id 11
may 26, 2020 8:45:29 AM org.eclipse.lsp4j.jsonrpc.RemoteEndpoint handleCancellation
ADVERTENCIA: Unmatched cancel notification for request id 10
2020.05.26 09:01:16 WARN  no build target for: C:\Users\Aug\Documents\UniStuff\Tercero\2o Cuatrimestre\DP II\gatling-charts-highcharts-bundle-3.3.1\user-files\simulations\Historia1.scala
2020.05.26 09:01:52 WARN  no build target for: C:\Users\Aug\Documents\UniStuff\Tercero\2o Cuatrimestre\DP II\gatling-charts-highcharts-bundle-3.3.1\user-files\simulations\Historia1.scala
2020.05.26 09:02:11 WARN  code navigation does not work for the file 'C:\Users\Aug\Documents\UniStuff\Tercero\2o Cuatrimestre\DP II\gatling-charts-highcharts-bundle-3.3.1\user-files\simulations\Historia1.scala' because it doesn't belong to a build target.
may 26, 2020 9:02:47 AM org.eclipse.lsp4j.jsonrpc.RemoteEndpoint handleCancellation
ADVERTENCIA: Unmatched cancel notification for request id 234
2020.05.26 09:03:18 WARN  no build target for: C:\Users\Aug\Downloads\ModifiedScripts\dp2\TwoScenariosDiagnosisModified.scala
2020.05.26 09:03:41 WARN  code navigation does not work for the file 'C:\Users\Aug\Documents\UniStuff\Tercero\2o Cuatrimestre\DP II\gatling-charts-highcharts-bundle-3.3.1\user-files\simulations\Historia1.scala' because it doesn't belong to a build target.
2020.05.26 09:03:51 WARN  code navigation does not work for the file 'C:\Users\Aug\Documents\UniStuff\Tercero\2o Cuatrimestre\DP II\gatling-charts-highcharts-bundle-3.3.1\user-files\simulations\Historia1.scala' because it doesn't belong to a build target.
2020.05.26 09:03:51 WARN  no build target for: C:\Users\Aug\Documents\UniStuff\Tercero\2o Cuatrimestre\DP II\gatling-charts-highcharts-bundle-3.3.1\user-files\simulations\Historia1.scala
2020.05.26 09:04:42 WARN  code navigation does not work for the file 'C:\Users\Aug\Documents\UniStuff\Tercero\2o Cuatrimestre\DP II\gatling-charts-highcharts-bundle-3.3.1\user-files\simulations\Historia1.scala' because it doesn't belong to a build target.
2020.05.26 09:05:40 WARN  code navigation does not work for the file 'C:\Users\Aug\Documents\UniStuff\Tercero\2o Cuatrimestre\DP II\gatling-charts-highcharts-bundle-3.3.1\user-files\simulations\Historia1.scala' because it doesn't belong to a build target.
2020.05.26 09:06:57 WARN  code navigation does not work for the file 'C:\Users\Aug\Documents\UniStuff\Tercero\2o Cuatrimestre\DP II\gatling-charts-highcharts-bundle-3.3.1\user-files\simulations\Historia1.scala' because it doesn't belong to a build target.
2020.05.26 09:06:57 WARN  no build target for: C:\Users\Aug\Documents\UniStuff\Tercero\2o Cuatrimestre\DP II\gatling-charts-highcharts-bundle-3.3.1\user-files\simulations\Historia1.scala
2020.05.26 09:13:19 WARN  no build target for: C:\Users\Aug\Documents\UniStuff\Tercero\2o Cuatrimestre\DP II\gatling-charts-highcharts-bundle-3.3.1\user-files\simulations\Historia1.scala
2020.05.26 09:18:51 WARN  no build target for: C:\Users\Aug\Documents\UniStuff\Tercero\2o Cuatrimestre\DP II\gatling-charts-highcharts-bundle-3.3.1\user-files\simulations\Historia1.scala
2020.05.26 09:19:52 WARN  code navigation does not work for the file 'C:\Users\Aug\Downloads\ModifiedScripts\dp2\TwoScenariosDiagnosisModified.scala' because it doesn't belong to a build target.
2020.05.26 09:20:04 WARN  no build target for: C:\Users\Aug\Documents\UniStuff\Tercero\2o Cuatrimestre\DP II\gatling-charts-highcharts-bundle-3.3.1\user-files\simulations\Historia1.scala
2020.05.26 09:30:49 WARN  no build target for: C:\Users\Aug\Documents\UniStuff\Tercero\2o Cuatrimestre\DP II\gatling-charts-highcharts-bundle-3.3.1\user-files\simulations\Historia1.scala
2020.05.26 09:31:01 WARN  code navigation does not work for the file 'C:\Users\Aug\Documents\UniStuff\Tercero\2o Cuatrimestre\DP II\gatling-charts-highcharts-bundle-3.3.1\user-files\simulations\Historia1.scala' because it doesn't belong to a build target.
2020.05.26 09:31:01 WARN  no build target for: C:\Users\Aug\Documents\UniStuff\Tercero\2o Cuatrimestre\DP II\gatling-charts-highcharts-bundle-3.3.1\user-files\simulations\Historia1.scala
2020.05.26 09:34:54 WARN  code navigation does not work for the file 'C:\Users\Aug\Documents\UniStuff\Tercero\2o Cuatrimestre\DP II\gatling-charts-highcharts-bundle-3.3.1\user-files\simulations\Historia1.scala' because it doesn't belong to a build target.
2020.05.26 09:34:54 WARN  no build target for: C:\Users\Aug\Documents\UniStuff\Tercero\2o Cuatrimestre\DP II\gatling-charts-highcharts-bundle-3.3.1\user-files\simulations\Historia1.scala
2020.05.26 09:38:52 WARN  code navigation does not work for the file 'C:\Users\Aug\Documents\UniStuff\Tercero\2o Cuatrimestre\DP II\gatling-charts-highcharts-bundle-3.3.1\user-files\simulations\Historia1.scala' because it doesn't belong to a build target.
2020.05.26 09:38:52 WARN  no build target for: C:\Users\Aug\Documents\UniStuff\Tercero\2o Cuatrimestre\DP II\gatling-charts-highcharts-bundle-3.3.1\user-files\simulations\Historia1.scala
2020.05.26 09:45:15 WARN  no build target for: C:\Users\Aug\Downloads\ModifiedScripts\dp2\TwoScenariosDiagnosisModified.scala
2020.05.26 09:45:37 WARN  code navigation does not work for the file 'C:\Users\Aug\Documents\UniStuff\Tercero\2o Cuatrimestre\DP II\gatling-charts-highcharts-bundle-3.3.1\user-files\simulations\Historia1.scala' because it doesn't belong to a build target.
2020.05.26 09:45:37 WARN  no build target for: C:\Users\Aug\Documents\UniStuff\Tercero\2o Cuatrimestre\DP II\gatling-charts-highcharts-bundle-3.3.1\user-files\simulations\Historia1.scala
2020.05.26 09:57:01 INFO  shutting down Metals
2020.05.26 11:09:50 INFO  started: Metals version 0.9.0 in workspace 'C:\Users\Aug\Documents\UniStuff\Tercero\2o Cuatrimestre\DP II\Project\PetClinic-DPII'
2020.05.26 11:09:50 INFO  time: initialize in 0.57s
2020.05.26 11:09:52 INFO  skipping build import with status 'Requested'
2020.05.26 11:36:44 INFO  shutting down Metals
